0 info it worked if it ends with ok
1 verbose cli [ 'D:\\node.js\\node.exe',
1 verbose cli   'D:\\node.js\\node_modules\\npm\\bin\\npm-cli.js',
1 verbose cli   'install',
1 verbose cli   'gulp.spritesmith',
1 verbose cli   '--save-dev' ]
2 info using npm@3.10.10
3 info using node@v6.9.4
4 silly loadCurrentTree Starting
5 silly install loadCurrentTree
6 silly install readLocalPackageData
7 silly fetchPackageMetaData gulp.spritesmith
8 silly fetchNamedPackageData gulp.spritesmith
9 silly mapToRegistry name gulp.spritesmith
10 silly mapToRegistry using default registry
11 silly mapToRegistry registry https://registry.npmjs.org/
12 silly mapToRegistry data Result {
12 silly mapToRegistry   raw: 'gulp.spritesmith',
12 silly mapToRegistry   scope: null,
12 silly mapToRegistry   escapedName: 'gulp.spritesmith',
12 silly mapToRegistry   name: 'gulp.spritesmith',
12 silly mapToRegistry   rawSpec: '',
12 silly mapToRegistry   spec: 'latest',
12 silly mapToRegistry   type: 'tag' }
13 silly mapToRegistry uri https://registry.npmjs.org/gulp.spritesmith
14 verbose request uri https://registry.npmjs.org/gulp.spritesmith
15 verbose request no auth needed
16 info attempt registry request try #1 at 16:40:43
17 verbose request id 6bb6f157cbb95b0e
18 http request GET https://registry.npmjs.org/gulp.spritesmith
19 http 200 https://registry.npmjs.org/gulp.spritesmith
20 verbose headers { server: 'nginx/1.10.3',
20 verbose headers   'content-type': 'application/json',
20 verbose headers   'last-modified': 'Fri, 21 Apr 2017 06:38:36 GMT',
20 verbose headers   etag: 'W/"58f9a8ec-24468"',
20 verbose headers   'content-encoding': 'gzip',
20 verbose headers   'cache-control': 'max-age=300',
20 verbose headers   'content-length': '17181',
20 verbose headers   'accept-ranges': 'bytes',
20 verbose headers   date: 'Mon, 24 Apr 2017 08:40:51 GMT',
20 verbose headers   via: '1.1 varnish',
20 verbose headers   age: '218',
20 verbose headers   connection: 'keep-alive',
20 verbose headers   'x-served-by': 'cache-nrt6132-NRT',
20 verbose headers   'x-cache': 'HIT',
20 verbose headers   'x-cache-hits': '76',
20 verbose headers   'x-timer': 'S1493023251.403319,VS0,VE0',
20 verbose headers   vary: 'Accept-Encoding' }
21 silly get cb [ 200,
21 silly get   { server: 'nginx/1.10.3',
21 silly get     'content-type': 'application/json',
21 silly get     'last-modified': 'Fri, 21 Apr 2017 06:38:36 GMT',
21 silly get     etag: 'W/"58f9a8ec-24468"',
21 silly get     'content-encoding': 'gzip',
21 silly get     'cache-control': 'max-age=300',
21 silly get     'content-length': '17181',
21 silly get     'accept-ranges': 'bytes',
21 silly get     date: 'Mon, 24 Apr 2017 08:40:51 GMT',
21 silly get     via: '1.1 varnish',
21 silly get     age: '218',
21 silly get     connection: 'keep-alive',
21 silly get     'x-served-by': 'cache-nrt6132-NRT',
21 silly get     'x-cache': 'HIT',
21 silly get     'x-cache-hits': '76',
21 silly get     'x-timer': 'S1493023251.403319,VS0,VE0',
21 silly get     vary: 'Accept-Encoding' } ]
22 verbose get saving gulp.spritesmith to C:\Users\Administrator\AppData\Roaming\npm-cache\registry.npmjs.org\gulp.spritesmith\.cache.json
23 verbose correctMkdir C:\Users\Administrator\AppData\Roaming\npm-cache correctMkdir not in flight; initializing
24 silly install normalizeTree
25 silly loadCurrentTree Finishing
26 silly loadIdealTree Starting
27 silly install loadIdealTree
28 silly cloneCurrentTree Starting
29 silly install cloneCurrentTreeToIdealTree
30 silly cloneCurrentTree Finishing
31 silly loadShrinkwrap Starting
32 silly install loadShrinkwrap
33 verbose stack Error: kill ENOSYS
33 verbose stack     at exports._errnoException (util.js:1022:11)
33 verbose stack     at process.kill (internal/process.js:172:13)
33 verbose stack     at process.listener (D:\node.js\node_modules\npm\node_modules\npmlog\node_modules\gauge\node_modules\signal-exit\index.js:86:15)
33 verbose stack     at emitNone (events.js:91:20)
33 verbose stack     at process.emit (events.js:185:7)
33 verbose stack     at processEmit (D:\node.js\node_modules\npm\node_modules\npmlog\node_modules\gauge\node_modules\signal-exit\index.js:146:32)
33 verbose stack     at processEmit (D:\node.js\node_modules\npm\node_modules\npm-registry-client\node_modules\npmlog\node_modules\gauge\node_modules\signal-exit\index.js:146:32)
33 verbose stack     at Signal.wrap.onsignal (internal/process.js:199:44)
34 verbose cwd E:\myspace\tantan0813.github.io
35 error Windows_NT 6.1.7601
36 error argv "D:\\node.js\\node.exe" "D:\\node.js\\node_modules\\npm\\bin\\npm-cli.js" "install" "gulp.spritesmith" "--save-dev"
37 error node v6.9.4
38 error npm  v3.10.10
39 error code ENOSYS
40 error errno ENOSYS
41 error syscall kill
42 error kill ENOSYS
43 error If you need help, you may report this error at:
43 error     <https://github.com/npm/npm/issues>
44 verbose exit [ 1, true ]
